<?xml version="1.0" ?>
<!DOCTYPE coverage SYSTEM 'http://cobertura.sourceforge.net/xml/coverage-03.dtd'>
<coverage line-rate="0.000" version="1.9" timestamp="1524299067">
	<sources>
		<source>/home/dev/github/handt/</source>
	</sources>
	<packages>
		<package name="refresh_o" line-rate="0.000" branch-rate="1.0" complexity="1.0">
			<classes>
				<class name="refresh_cpp" filename="refresh.cpp" line-rate="0.938">
					<lines>
						<line number="6" hits="1"/>
						<line number="8" hits="1"/>
						<line number="11" hits="1"/>
						<line number="14" hits="1"/>
						<line number="17" hits="2"/>
						<line number="19" hits="2"/>
						<line number="20" hits="7"/>
						<line number="21" hits="1"/>
						<line number="22" hits="0"/>
						<line number="26" hits="1"/>
						<line number="27" hits="2"/>
						<line number="28" hits="1"/>
						<line number="29" hits="2"/>
						<line number="32" hits="1"/>
						<line number="36" hits="1"/>
						<line number="37" hits="1"/>
						<line number="38" hits="1"/>
						<line number="39" hits="1"/>
						<line number="40" hits="1"/>
						<line number="41" hits="1"/>
						<line number="42" hits="0"/>
						<line number="44" hits="1"/>
						<line number="45" hits="1"/>
						<line number="48" hits="1"/>
						<line number="49" hits="1"/>
						<line number="52" hits="2"/>
						<line number="53" hits="1"/>
						<line number="55" hits="1"/>
						<line number="56" hits="1"/>
						<line number="57" hits="1"/>
						<line number="59" hits="1"/>
						<line number="60" hits="1"/>
					</lines>
				</class>
				<class name="handt_h" filename="include/handt.h" line-rate="0.761">
					<lines>
						<line number="20" hits="1"/>
						<line number="21" hits="1"/>
						<line number="22" hits="1"/>
						<line number="23" hits="1"/>
						<line number="24" hits="1"/>
						<line number="28" hits="8"/>
						<line number="31" hits="1"/>
						<line number="32" hits="1"/>
						<line number="33" hits="1"/>
						<line number="34" hits="1"/>
						<line number="35" hits="1"/>
						<line number="36" hits="1"/>
						<line number="37" hits="1"/>
						<line number="40" hits="1"/>
						<line number="41" hits="3"/>
						<line number="42" hits="2"/>
						<line number="46" hits="1"/>
						<line number="47" hits="1"/>
						<line number="48" hits="2"/>
						<line number="49" hits="1"/>
						<line number="50" hits="1"/>
						<line number="60" hits="0"/>
						<line number="65" hits="0"/>
						<line number="66" hits="0"/>
						<line number="67" hits="0"/>
						<line number="68" hits="0"/>
						<line number="69" hits="0"/>
						<line number="70" hits="0"/>
						<line number="71" hits="0"/>
						<line number="75" hits="8"/>
						<line number="79" hits="1"/>
						<line number="80" hits="1"/>
						<line number="81" hits="2"/>
						<line number="82" hits="1"/>
						<line number="83" hits="1"/>
						<line number="89" hits="3"/>
						<line number="92" hits="3"/>
						<line number="96" hits="3"/>
						<line number="97" hits="3"/>
						<line number="98" hits="6"/>
						<line number="99" hits="3"/>
						<line number="100" hits="3"/>
						<line number="101" hits="2"/>
						<line number="102" hits="3"/>
						<line number="103" hits="3"/>
						<line number="104" hits="3"/>
						<line number="107" hits="3"/>
						<line number="108" hits="3"/>
						<line number="111" hits="2"/>
						<line number="112" hits="0"/>
						<line number="113" hits="2"/>
						<line number="114" hits="0"/>
						<line number="115" hits="0"/>
						<line number="116" hits="0"/>
						<line number="117" hits="0"/>
						<line number="118" hits="0"/>
						<line number="119" hits="0"/>
						<line number="121" hits="2"/>
						<line number="122" hits="1"/>
						<line number="123" hits="1"/>
						<line number="124" hits="1"/>
						<line number="125" hits="1"/>
						<line number="127" hits="1"/>
						<line number="128" hits="1"/>
						<line number="129" hits="1"/>
						<line number="130" hits="1"/>
						<line number="131" hits="0"/>
					</lines>
				</class>
			</classes>
		</package>
	</packages>
</coverage>
